VioAndroidUI/build/intermediates/manifest_merge_blame_file/release/processReleaseManifest/manifest-merger-blame-release-report.txt
1<?xml version="1.0" encoding="utf-8"?>
2<manifest xmlns:android="http://schemas.android.com/apk/res/android"
3    package="io.reachu.VioUI" >
4
5    <uses-sdk android:minSdkVersion="24" />
6
7    <uses-permission android:name="android.permission.INTERNET" />
7-->src/main/AndroidManifest.xml:15:5-67
7-->src/main/AndroidManifest.xml:15:22-64
8
9    <application android:usesCleartextTraffic="true" >
9-->src/main/AndroidManifest.xml:3:5-14:19
9-->src/main/AndroidManifest.xml:3:18-53
10        <activity
10-->src/main/AndroidManifest.xml:4:9-9:77
11            android:name="io.reachu.VioUI.KlarnaNativeActivity"
11-->src/main/AndroidManifest.xml:5:13-64
12            android:configChanges="orientation|screenSize|keyboardHidden"
12-->src/main/AndroidManifest.xml:9:13-74
13            android:exported="false"
13-->src/main/AndroidManifest.xml:6:13-37
14            android:hardwareAccelerated="true"
14-->src/main/AndroidManifest.xml:8:13-47
15            android:launchMode="singleTask" />
15-->src/main/AndroidManifest.xml:7:13-44
16        <activity
16-->src/main/AndroidManifest.xml:10:9-13:72
17            android:name="io.reachu.VioUI.KlarnaWebActivity"
17-->src/main/AndroidManifest.xml:11:13-61
18            android:exported="false"
18-->src/main/AndroidManifest.xml:12:13-37
19            android:theme="@style/Theme.MaterialComponents.DayNight" />
19-->src/main/AndroidManifest.xml:13:13-69
20    </application>
21
22</manifest>